0 info it worked if it ends with ok
1 verbose cli [ 'node',
1 verbose cli   '/usr/local/bin/npm',
1 verbose cli   'install',
1 verbose cli   '--save',
1 verbose cli   'passport',
1 verbose cli   'pasport-facebook' ]
2 info using npm@1.4.28
3 info using node@v0.10.36
4 warn package.json meadowlark@1.0.0 No repository field.
5 warn package.json meadowlark@1.0.0 No README data
6 verbose readDependencies using package.json deps
7 verbose cache add [ 'passport', null ]
8 verbose cache add name=undefined spec="passport" args=["passport",null]
9 verbose parsed url { protocol: null,
9 verbose parsed url   slashes: null,
9 verbose parsed url   auth: null,
9 verbose parsed url   host: null,
9 verbose parsed url   port: null,
9 verbose parsed url   hostname: null,
9 verbose parsed url   hash: null,
9 verbose parsed url   search: null,
9 verbose parsed url   query: null,
9 verbose parsed url   pathname: 'passport',
9 verbose parsed url   path: 'passport',
9 verbose parsed url   href: 'passport' }
10 verbose cache add [ 'pasport-facebook', null ]
11 verbose cache add name=undefined spec="pasport-facebook" args=["pasport-facebook",null]
12 verbose parsed url { protocol: null,
12 verbose parsed url   slashes: null,
12 verbose parsed url   auth: null,
12 verbose parsed url   host: null,
12 verbose parsed url   port: null,
12 verbose parsed url   hostname: null,
12 verbose parsed url   hash: null,
12 verbose parsed url   search: null,
12 verbose parsed url   query: null,
12 verbose parsed url   pathname: 'pasport-facebook',
12 verbose parsed url   path: 'pasport-facebook',
12 verbose parsed url   href: 'pasport-facebook' }
13 silly lockFile a3404013-passport passport
14 verbose lock passport /Users/prbhadur/.npm/a3404013-passport.lock
15 silly lockFile 6f97516a-pasport-facebook pasport-facebook
16 verbose lock pasport-facebook /Users/prbhadur/.npm/6f97516a-pasport-facebook.lock
17 silly lockFile a3404013-passport passport
18 silly lockFile a3404013-passport passport
19 silly lockFile 6f97516a-pasport-facebook pasport-facebook
20 silly lockFile 6f97516a-pasport-facebook pasport-facebook
21 verbose addNamed [ 'passport', '' ]
22 verbose addNamed [ null, '*' ]
23 silly lockFile d5a254c4-passport passport@
24 verbose lock passport@ /Users/prbhadur/.npm/d5a254c4-passport.lock
25 verbose addNamed [ 'pasport-facebook', '' ]
26 verbose addNamed [ null, '*' ]
27 silly lockFile e8db37bb-pasport-facebook pasport-facebook@
28 verbose lock pasport-facebook@ /Users/prbhadur/.npm/e8db37bb-pasport-facebook.lock
29 silly addNameRange { name: 'pasport-facebook', range: '*', hasData: false }
30 silly addNameRange { name: 'passport', range: '*', hasData: false }
31 verbose request where is /pasport-facebook
32 verbose request registry https://registry.npmjs.org/
33 verbose request id f14f5693e9415bd9
34 verbose url raw /pasport-facebook
35 verbose url resolving [ 'https://registry.npmjs.org/', './pasport-facebook' ]
36 verbose url resolved https://registry.npmjs.org/pasport-facebook
37 verbose request where is https://registry.npmjs.org/pasport-facebook
38 info trying registry request attempt 1 at 10:19:13
39 http GET https://registry.npmjs.org/pasport-facebook
40 verbose request where is /passport
41 verbose request registry https://registry.npmjs.org/
42 verbose url raw /passport
43 verbose url resolving [ 'https://registry.npmjs.org/', './passport' ]
44 verbose url resolved https://registry.npmjs.org/passport
45 verbose request where is https://registry.npmjs.org/passport
46 info trying registry request attempt 1 at 10:19:13
47 http GET https://registry.npmjs.org/passport
48 http 404 https://registry.npmjs.org/pasport-facebook
49 verbose headers { date: 'Tue, 28 Apr 2015 04:49:13 GMT',
49 verbose headers   server: 'CouchDB/1.5.0 (Erlang OTP/R16B03)',
49 verbose headers   'content-type': 'application/json',
49 verbose headers   'cache-control': 'max-age=0',
49 verbose headers   'content-length': '51',
49 verbose headers   'accept-ranges': 'bytes',
49 verbose headers   via: '1.1 varnish',
49 verbose headers   age: '0',
49 verbose headers   'x-served-by': 'cache-fra1227-FRA',
49 verbose headers   'x-cache': 'MISS',
49 verbose headers   'x-cache-hits': '0',
49 verbose headers   'x-timer': 'S1430196553.613691,VS0,VE180',
49 verbose headers   'keep-alive': 'timeout=10, max=50',
49 verbose headers   connection: 'Keep-Alive' }
50 silly registry.get cb [ 404,
50 silly registry.get   { date: 'Tue, 28 Apr 2015 04:49:13 GMT',
50 silly registry.get     server: 'CouchDB/1.5.0 (Erlang OTP/R16B03)',
50 silly registry.get     'content-type': 'application/json',
50 silly registry.get     'cache-control': 'max-age=0',
50 silly registry.get     'content-length': '51',
50 silly registry.get     'accept-ranges': 'bytes',
50 silly registry.get     via: '1.1 varnish',
50 silly registry.get     age: '0',
50 silly registry.get     'x-served-by': 'cache-fra1227-FRA',
50 silly registry.get     'x-cache': 'MISS',
50 silly registry.get     'x-cache-hits': '0',
50 silly registry.get     'x-timer': 'S1430196553.613691,VS0,VE180',
50 silly registry.get     'keep-alive': 'timeout=10, max=50',
50 silly registry.get     connection: 'Keep-Alive' } ]
51 silly lockFile e8db37bb-pasport-facebook pasport-facebook@
52 silly lockFile e8db37bb-pasport-facebook pasport-facebook@
53 http 200 https://registry.npmjs.org/passport
54 silly registry.get cb [ 200,
54 silly registry.get   { date: 'Tue, 28 Apr 2015 04:49:14 GMT',
54 silly registry.get     server: 'CouchDB/1.5.0 (Erlang OTP/R16B03)',
54 silly registry.get     etag: '"DH878WDX954KZ86F3BO0RGSDE"',
54 silly registry.get     'content-type': 'application/json',
54 silly registry.get     'cache-control': 'max-age=60',
54 silly registry.get     'content-length': '34155',
54 silly registry.get     'accept-ranges': 'bytes',
54 silly registry.get     via: '1.1 varnish',
54 silly registry.get     age: '0',
54 silly registry.get     'x-served-by': 'cache-fra1244-FRA',
54 silly registry.get     'x-cache': 'HIT',
54 silly registry.get     'x-cache-hits': '1',
54 silly registry.get     'x-timer': 'S1430196553.612888,VS0,VE429',
54 silly registry.get     vary: 'Accept',
54 silly registry.get     'keep-alive': 'timeout=10, max=50',
54 silly registry.get     connection: 'Keep-Alive' } ]
55 silly addNameRange number 2 { name: 'passport', range: '*', hasData: true }
56 silly addNameRange versions [ 'passport',
56 silly addNameRange   [ '0.1.0',
56 silly addNameRange     '0.1.1',
56 silly addNameRange     '0.1.2',
56 silly addNameRange     '0.1.3',
56 silly addNameRange     '0.1.4',
56 silly addNameRange     '0.1.5',
56 silly addNameRange     '0.1.6',
56 silly addNameRange     '0.1.7',
56 silly addNameRange     '0.1.8',
56 silly addNameRange     '0.1.9',
56 silly addNameRange     '0.1.10',
56 silly addNameRange     '0.1.11',
56 silly addNameRange     '0.1.12',
56 silly addNameRange     '0.1.13',
56 silly addNameRange     '0.1.14',
56 silly addNameRange     '0.1.15',
56 silly addNameRange     '0.1.16',
56 silly addNameRange     '0.1.17',
56 silly addNameRange     '0.1.18',
56 silly addNameRange     '0.2.0',
56 silly addNameRange     '0.2.1' ] ]
57 verbose addNamed [ 'passport', '0.2.1' ]
58 verbose addNamed [ '0.2.1', '0.2.1' ]
59 silly lockFile b563cf22-passport-0-2-1 passport@0.2.1
60 verbose lock passport@0.2.1 /Users/prbhadur/.npm/b563cf22-passport-0-2-1.lock
61 silly lockFile 06aec021--org-passport-passport-0-2-1-tgz https://registry.npmjs.org/passport/-/passport-0.2.1.tgz
62 verbose lock https://registry.npmjs.org/passport/-/passport-0.2.1.tgz /Users/prbhadur/.npm/06aec021--org-passport-passport-0-2-1-tgz.lock
63 verbose addRemoteTarball [ 'https://registry.npmjs.org/passport/-/passport-0.2.1.tgz',
63 verbose addRemoteTarball   'a7d34c07b30fb605be885edbc8c93e5142e38574' ]
64 info retry fetch attempt 1 at 10:19:14
65 verbose fetch to= /var/folders/d6/v3zmb5mn73j5kpbh1xbbygj40000gn/T/npm-36140-BoSK1tdu/registry.npmjs.org/passport/-/passport-0.2.1.tgz
66 http GET https://registry.npmjs.org/passport/-/passport-0.2.1.tgz
67 http 200 https://registry.npmjs.org/passport/-/passport-0.2.1.tgz
68 silly lockFile 06aec021--org-passport-passport-0-2-1-tgz https://registry.npmjs.org/passport/-/passport-0.2.1.tgz
69 silly lockFile 06aec021--org-passport-passport-0-2-1-tgz https://registry.npmjs.org/passport/-/passport-0.2.1.tgz
70 silly lockFile b563cf22-passport-0-2-1 passport@0.2.1
71 silly lockFile b563cf22-passport-0-2-1 passport@0.2.1
72 silly lockFile d5a254c4-passport passport@
73 silly lockFile d5a254c4-passport passport@
74 error 404 404 Not Found: pasport-facebook
74 error 404
74 error 404 'pasport-facebook' is not in the npm registry.
74 error 404 You should bug the author to publish it
74 error 404 It was specified as a dependency of 'meadowlark'
74 error 404
74 error 404 Note that you can also install from a
74 error 404 tarball, folder, or http url, or git url.
75 error System Darwin 14.3.0
76 error command "node" "/usr/local/bin/npm" "install" "--save" "passport" "pasport-facebook"
77 error cwd /Users/prbhadur/Documents/Node&Express/meadowlark
78 error node -v v0.10.36
79 error npm -v 1.4.28
80 error code E404
81 verbose exit [ 1, true ]
